# JRE version: Java(TM) SE Runtime Environment (8.0_102-b14) (build 1.8.0_102-b14)
# Java VM: Java HotSpot(TM) Client VM (25.102-b14 mixed mode windows-x86 )
Heap:
 def new generation   total 11136K, used 6333K [0x06800000, 0x07410000, 0x0bd50000)
  eden space 9920K,  63% used [0x06800000, 0x06e2ccd8, 0x071b0000)
  from space 1216K,   0% used [0x071b0000, 0x071b2858, 0x072e0000)
  to   space 1216K,   0% used [0x072e0000, 0x072e0000, 0x07410000)
 tenured generation   total 24660K, used 9808K [0x0bd50000, 0x0d565000, 0x16800000)
   the space 24660K,  39% used [0x0bd50000, 0x0c6e4060, 0x0c6e4200, 0x0d565000)
 Metaspace       used 7292K, capacity 7518K, committed 7680K, reserved 8576K
GC Heap History (10 events):
Event: 83.339 GC heap before
{Heap before GC invocations=42 (full 4):
 def new generation   total 11136K, used 10468K [0x06800000, 0x07410000, 0x0bd50000)
  eden space 9920K,  99% used [0x06800000, 0x071aff48, 0x071b0000)
  from space 1216K,  45% used [0x072e0000, 0x073691e0, 0x07410000)
  to   space 1216K,   0% used [0x071b0000, 0x071b0000, 0x072e0000)
 tenured generation   total 24660K, used 17953K [0x0bd50000, 0x0d565000, 0x16800000)
   the space 24660K,  72% used [0x0bd50000, 0x0ced8508, 0x0ced8600, 0x0d565000)
 Metaspace       used 7292K, capacity 7518K, committed 7680K, reserved 8576K
Event: 83.350 GC heap after
Heap after GC invocations=43 (full 5):
 def new generation   total 11136K, used 0K [0x06800000, 0x07410000, 0x0bd50000)
  eden space 9920K,   0% used [0x06800000, 0x06800000, 0x071b0000)
  from space 1216K,   0% used [0x071b0000, 0x071b0000, 0x072e0000)
  to   space 1216K,   0% used [0x072e0000, 0x072e0000, 0x07410000)
 tenured generation   total 24660K, used 9808K [0x0bd50000, 0x0d565000, 0x16800000)
   the space 24660K,  39% used [0x0bd50000, 0x0c6e4060, 0x0c6e4200, 0x0d565000)
 Metaspace       used 7292K, capacity 7518K, committed 7680K, reserved 8576K
}
Event: 83.413 GC heap before
{Heap before GC invocations=43 (full 5):
 def new generation   total 11136K, used 7050K [0x06800000, 0x07410000, 0x0bd50000)
  eden space 9920K,  71% used [0x06800000, 0x06ee2818, 0x071b0000)
  from space 1216K,   0% used [0x071b0000, 0x071b0000, 0x072e0000)
  to   space 1216K,   0% used [0x072e0000, 0x072e0000, 0x07410000)
 tenured generation   total 24660K, used 9808K [0x0bd50000, 0x0d565000, 0x16800000)
   the space 24660K,  39% used [0x0bd50000, 0x0c6e4060, 0x0c6e4200, 0x0d565000)
 Metaspace       used 7292K, capacity 7518K, committed 7680K, reserved 8576K
Event: 83.414 GC heap after
Heap after GC invocations=44 (full 5):
 def new generation   total 11136K, used 8K [0x06800000, 0x07410000, 0x0bd50000)
  eden space 9920K,   0% used [0x06800000, 0x06800000, 0x071b0000)
  from space 1216K,   0% used [0x072e0000, 0x072e2118, 0x07410000)
  to   space 1216K,   0% used [0x071b0000, 0x071b0000, 0x072e0000)
 tenured generation   total 24660K, used 9808K [0x0bd50000, 0x0d565000, 0x16800000)
   the space 24660K,  39% used [0x0bd50000, 0x0c6e4060, 0x0c6e4200, 0x0d565000)
 Metaspace       used 7292K, capacity 7518K, committed 7680K, reserved 8576K
}
Event: 84.875 GC heap before
{Heap before GC invocations=44 (full 5):
 def new generation   total 11136K, used 9928K [0x06800000, 0x07410000, 0x0bd50000)
  eden space 9920K, 100% used [0x06800000, 0x071b0000, 0x071b0000)
  from space 1216K,   0% used [0x072e0000, 0x072e2118, 0x07410000)
  to   space 1216K,   0% used [0x071b0000, 0x071b0000, 0x072e0000)
 tenured generation   total 24660K, used 9808K [0x0bd50000, 0x0d565000, 0x16800000)
   the space 24660K,  39% used [0x0bd50000, 0x0c6e4060, 0x0c6e4200, 0x0d565000)
 Metaspace       used 7292K, capacity 7518K, committed 7680K, reserved 8576K
Event: 84.876 GC heap after
Heap after GC invocations=45 (full 5):
 def new generation   total 11136K, used 12K [0x06800000, 0x07410000, 0x0bd50000)
  eden space 9920K,   0% used [0x06800000, 0x06800000, 0x071b0000)
  from space 1216K,   1% used [0x071b0000, 0x071b32f8, 0x072e0000)
  to   space 1216K,   0% used [0x072e0000, 0x072e0000, 0x07410000)
 tenured generation   total 24660K, used 9808K [0x0bd50000, 0x0d565000, 0x16800000)
   the space 24660K,  39% used [0x0bd50000, 0x0c6e4060, 0x0c6e4200, 0x0d565000)
 Metaspace       used 7292K, capacity 7518K, committed 7680K, reserved 8576K
}
Event: 95.493 GC heap before
{Heap before GC invocations=45 (full 5):
 def new generation   total 11136K, used 9932K [0x06800000, 0x07410000, 0x0bd50000)
  eden space 9920K, 100% used [0x06800000, 0x071b0000, 0x071b0000)
  from space 1216K,   1% used [0x071b0000, 0x071b32f8, 0x072e0000)
  to   space 1216K,   0% used [0x072e0000, 0x072e0000, 0x07410000)
 tenured generation   total 24660K, used 9808K [0x0bd50000, 0x0d565000, 0x16800000)
   the space 24660K,  39% used [0x0bd50000, 0x0c6e4060, 0x0c6e4200, 0x0d565000)
 Metaspace       used 7292K, capacity 7518K, committed 7680K, reserved 8576K
Event: 95.493 GC heap after
Heap after GC invocations=46 (full 5):
 def new generation   total 11136K, used 10K [0x06800000, 0x07410000, 0x0bd50000)
  eden space 9920K,   0% used [0x06800000, 0x06800000, 0x071b0000)
  from space 1216K,   0% used [0x072e0000, 0x072e2858, 0x07410000)
  to   space 1216K,   0% used [0x071b0000, 0x071b0000, 0x072e0000)
 tenured generation   total 24660K, used 9808K [0x0bd50000, 0x0d565000, 0x16800000)
   the space 24660K,  39% used [0x0bd50000, 0x0c6e4060, 0x0c6e4200, 0x0d565000)
 Metaspace       used 7292K, capacity 7518K, committed 7680K, reserved 8576K
}
Event: 110.792 GC heap before
{Heap before GC invocations=46 (full 5):
 def new generation   total 11136K, used 9930K [0x06800000, 0x07410000, 0x0bd50000)
  eden space 9920K, 100% used [0x06800000, 0x071b0000, 0x071b0000)
  from space 1216K,   0% used [0x072e0000, 0x072e2858, 0x07410000)
  to   space 1216K,   0% used [0x071b0000, 0x071b0000, 0x072e0000)
 tenured generation   total 24660K, used 9808K [0x0bd50000, 0x0d565000, 0x16800000)
   the space 24660K,  39% used [0x0bd50000, 0x0c6e4060, 0x0c6e4200, 0x0d565000)
 Metaspace       used 7292K, capacity 7518K, committed 7680K, reserved 8576K
Event: 110.792 GC heap after
Heap after GC invocations=47 (full 5):
 def new generation   total 11136K, used 10K [0x06800000, 0x07410000, 0x0bd50000)
  eden space 9920K,   0% used [0x06800000, 0x06800000, 0x071b0000)
  from space 1216K,   0% used [0x071b0000, 0x071b2858, 0x072e0000)
  to   space 1216K,   0% used [0x072e0000, 0x072e0000, 0x07410000)
 tenured generation   total 24660K, used 9808K [0x0bd50000, 0x0d565000, 0x16800000)
   the space 24660K,  39% used [0x0bd50000, 0x0c6e4060, 0x0c6e4200, 0x0d565000)
 Metaspace       used 7292K, capacity 7518K, committed 7680K, reserved 8576K
}

